16:17:40 **** Clean-only build of project dma_platform ****
buildplatform.sh 40261 dma_platform clean 
XSDB Server Channel: tcfchan#2
Reading the platform  : "dma_platform"
Cleaning the zynq_fsbl application.
rm -rf  pcap.o  ps7_init.o  nand.o  qspi.o  rsa.o  main.o  md5.o  image_mover.o  nor.o  fsbl_hooks.o  sd.o  fsbl_handoff.o  zyn
q_fsbl_bsp/ps7_cortexa9_0/lib/libxil.a fsbl.elf *.o

Cleaning the zynq_fsbl application, bsp
make -C ps7_cortexa9_0/libsrc/gpiops_v3_9/src -s clean 

make -C ps7_cortexa9_0/libsrc/sdps_v3_13/src -s clean 

make -C ps7_cortexa9_0/libsrc/scuwdt_v2_4/src -s clean 

make -C ps7_cortexa9_0/libsrc/trafficgen_v1_0/src -s clean 

make -C ps7_cortexa9_0/libsrc/scugic_v4_6/src -s clean 

make -C ps7_cortexa9_0/libsrc/emacps_v3_15/src -s clean 

make -C ps7_cortexa9_0/libsrc/xilffs_v4_6/src -s clean 

make -C ps7_cortexa9_0/libsrc/uartps_v3_11/src -s clean 

make -C ps7_cortexa9_0/libsrc/scutimer_v2_3/src -s clean 

make -C ps7_cortexa9_0/libsrc/standalone_v7_6/src -s clean 

make -C ps7_cortexa9_0/libsrc/usbps_v2_7/src -s clean 

make -C ps7_cortexa9_0/libsrc/coresightps_dcc_v1_8/src -s clean 

make -C ps7_cortexa9_0/libsrc/axidma_v9_13/src -s clean 

make -C ps7_cortexa9_0/libsrc/xadcps_v2_6/src -s clean 

make -C ps7_cortexa9_0/libsrc/ddrps_v1_2/src -s clean 

make -C ps7_cortexa9_0/libsrc/xilrsa_v1_6/src -s clean 

make -C ps7_cortexa9_0/libsrc/cpu_cortexa9_v2_11/src -s clean 

make -C ps7_cortexa9_0/libsrc/qspips_v3_9/src -s clean 

make -C ps7_cortexa9_0/libsrc/dmaps_v2_8/src -s clean 

make -C ps7_cortexa9_0/libsrc/devcfg_v3_7/src -s clean 

rm -f ps7_cortexa9_0/lib/libxil.a

Cleaning the BSP for domain  - standalone_domain
make -C ps7_cortexa9_0/libsrc/gpiops_v3_9/src -s clean 

make -C ps7_cortexa9_0/libsrc/sdps_v3_13/src -s clean 

make -C ps7_cortexa9_0/libsrc/scuwdt_v2_4/src -s clean 

make -C ps7_cortexa9_0/libsrc/trafficgen_v1_0/src -s clean 

make -C ps7_cortexa9_0/libsrc/scugic_v4_6/src -s clean 

make -C ps7_cortexa9_0/libsrc/emacps_v3_15/src -s clean 

make -C ps7_cortexa9_0/libsrc/uartps_v3_11/src -s clean 

make -C ps7_cortexa9_0/libsrc/scutimer_v2_3/src -s clean 

make -C ps7_cortexa9_0/libsrc/standalone_v7_6/src -s clean 

make -C ps7_cortexa9_0/libsrc/usbps_v2_7/src -s clean 

make -C ps7_cortexa9_0/libsrc/coresightps_dcc_v1_8/src -s clean 

make -C ps7_cortexa9_0/libsrc/axidma_v9_13/src -s clean 

make -C ps7_cortexa9_0/libsrc/ddrps_v1_2/src -s clean 

make -C ps7_cortexa9_0/libsrc/xadcps_v2_6/src -s clean 

make -C ps7_cortexa9_0/libsrc/cpu_cortexa9_v2_11/src -s clean 

make -C ps7_cortexa9_0/libsrc/qspips_v3_9/src -s clean 

make -C ps7_cortexa9_0/libsrc/dmaps_v2_8/src -s clean 

make -C ps7_cortexa9_0/libsrc/devcfg_v3_7/src -s clean 

rm -f ps7_cortexa9_0/lib/libxil.a


16:17:50 Build Finished (took 10s.114ms)

